Determining if the pthread_create exist failed with the following output:
Change Dir: /home/inigo/Reto_workspace_image_processing/build/CMakeFiles/CMakeTmp

Run Build Command:"/usr/bin/make" "cmTC_0d55a/fast"
/usr/bin/make -f CMakeFiles/cmTC_0d55a.dir/build.make CMakeFiles/cmTC_0d55a.dir/build
make[1]: Entering directory '/home/inigo/Reto_workspace_image_processing/build/CMakeFiles/CMakeTmp'
Building C object CMakeFiles/cmTC_0d55a.dir/CheckSymbolExists.c.o
/usr/bin/cc    -o CMakeFiles/cmTC_0d55a.dir/CheckSymbolExists.c.o   -c /home/inigo/Reto_workspace_image_processing/build/CMakeFiles/CMakeTmp/CheckSymbolExists.c
Linking C executable cmTC_0d55a
/usr/bin/cmake -E cmake_link_script CMakeFiles/cmTC_0d55a.dir/link.txt --verbose=1
/usr/bin/cc      -rdynamic CMakeFiles/cmTC_0d55a.dir/CheckSymbolExists.c.o  -o cmTC_0d55a 
CMakeFiles/cmTC_0d55a.dir/CheckSymbolExists.c.o: In function `main':
CheckSymbolExists.c:(.text+0x1b): undefined reference to `pthread_create'
collect2: error: ld returned 1 exit status
CMakeFiles/cmTC_0d55a.dir/build.make:97: recipe for target 'cmTC_0d55a' failed
make[1]: *** [cmTC_0d55a] Error 1
make[1]: Leaving directory '/home/inigo/Reto_workspace_image_processing/build/CMakeFiles/CMakeTmp'
Makefile:126: recipe for target 'cmTC_0d55a/fast' failed
make: *** [cmTC_0d55a/fast] Error 2

File /home/inigo/Reto_workspace_image_processing/build/CMakeFiles/CMakeTmp/CheckSymbolExists.c:
/* */
#include <pthread.h>

int main(int argc, char** argv)
{
  (void)argv;
#ifndef pthread_create
  return ((int*)(&pthread_create))[argc];
#else
  (void)argc;
  return 0;
#endif
}

Determining if the function pthread_create exists in the pthreads failed with the following output:
Change Dir: /home/inigo/Reto_workspace_image_processing/build/CMakeFiles/CMakeTmp

Run Build Command:"/usr/bin/make" "cmTC_03954/fast"
/usr/bin/make -f CMakeFiles/cmTC_03954.dir/build.make CMakeFiles/cmTC_03954.dir/build
make[1]: Entering directory '/home/inigo/Reto_workspace_image_processing/build/CMakeFiles/CMakeTmp'
Building C object CMakeFiles/cmTC_03954.dir/CheckFunctionExists.c.o
/usr/bin/cc   -DCHECK_FUNCTION_EXISTS=pthread_create   -o CMakeFiles/cmTC_03954.dir/CheckFunctionExists.c.o   -c /usr/share/cmake-3.10/Modules/CheckFunctionExists.c
Linking C executable cmTC_03954
/usr/bin/cmake -E cmake_link_script CMakeFiles/cmTC_03954.dir/link.txt --verbose=1
/usr/bin/cc  -DCHECK_FUNCTION_EXISTS=pthread_create    -rdynamic CMakeFiles/cmTC_03954.dir/CheckFunctionExists.c.o  -o cmTC_03954 -lpthreads 
/usr/bin/ld: cannot find -lpthreads
collect2: error: ld returned 1 exit status
CMakeFiles/cmTC_03954.dir/build.make:97: recipe for target 'cmTC_03954' failed
make[1]: *** [cmTC_03954] Error 1
make[1]: Leaving directory '/home/inigo/Reto_workspace_image_processing/build/CMakeFiles/CMakeTmp'
Makefile:126: recipe for target 'cmTC_03954/fast' failed
make: *** [cmTC_03954/fast] Error 2


